#1 [depot] launching amd64 machine
#1 DONE 6.8s
#2 [depot] connecting to amd64 machine
#2 DONE 1.6s
#3 [internal] fetching git attributes
#3 DONE 0.1s
#4 [internal] load build definition from Containerfile
#4 transferring dockerfile:
#4 transferring dockerfile: 2.02kB 0.9s done
#4 DONE 1.0s
#5 resolve image config for docker-image://docker.io/docker/dockerfile:labs
#5 DONE 1.2s
#6 docker-image://docker.io/docker/dockerfile:labs@sha256:4c116b618ed48404d579b5467127b20986f2a6b29e4b9be2fee841f632db6a86
#6 resolve docker.io/docker/dockerfile:labs@sha256:4c116b618ed48404d579b5467127b20986f2a6b29e4b9be2fee841f632db6a86 0.0s done
#6 CACHED
#4 [internal] load build definition from Containerfile
#4 transferring dockerfile: 2.02kB 0.9s done
#4 DONE 1.0s
#7 [internal] load build definition from Containerfile
#7 Deduplicating step ID [internal] load build definition from Containerfile, another build is calculating it done
#7 DONE 0.0s
#8 [internal] load metadata for docker.io/library/node:21-bookworm-slim@sha256:fb82287cf66ca32d854c05f54251fca8b572149163f154248df7e800003c90b5
#8 DONE 1.1s
#9 [internal] load .dockerignore
#9 transferring context:
#9 transferring context: 2B 0.6s done
#9 DONE 0.6s
#10 [base 2/8] ADD --checksum=sha256:00b41ea4d6e7a5b4affcfe4ac99951ec89da81a8cba40af19e9b98c3a8f9b4b8     https://github.com/bbc/audiowaveform/releases/download/1.10.1/audiowaveform_1.10.1-1-12_amd64.deb .
#10 DONE 0.0s
#11 [internal] load build context
#11 DONE 0.0s
#12 [base 1/8] FROM docker.io/library/node:21-bookworm-slim@sha256:fb82287cf66ca32d854c05f54251fca8b572149163f154248df7e800003c90b5
#12 resolve docker.io/library/node:21-bookworm-slim@sha256:fb82287cf66ca32d854c05f54251fca8b572149163f154248df7e800003c90b5 0.0s done
#12 DONE 0.0s
#11 [internal] load build context
#11 transferring context: 241.29kB 1.9s done
#11 DONE 2.0s
#13 [base 3/8] RUN dpkg -i audiowaveform_1.10.1-1-12_amd64.deb || true
#13 CACHED
#14 [base 5/8] RUN mkdir /app && chown node:node /app
#14 CACHED
#15 [base 4/8] RUN apt-get update &&     apt-get --fix-broken install -y &&     apt-get install -y --no-install-recommends         busybox         ca-certificates         dumb-init         git         openssl         sox     &&     rm -rf /var/lib/apt/lists/* audiowaveform*.deb
#15 CACHED
#16 [base 6/8] WORKDIR /app
#16 CACHED
#17 [base 7/8] COPY --chown=node:node . .
#17 CACHED
#18 [base 2/8] ADD --checksum=sha256:00b41ea4d6e7a5b4affcfe4ac99951ec89da81a8cba40af19e9b98c3a8f9b4b8     https://github.com/bbc/audiowaveform/releases/download/1.10.1/audiowaveform_1.10.1-1-12_amd64.deb .
#18 CACHED
#19 [base 8/8] RUN npm ci --no-fund --no-audit && npm cache clean --force
#19 CACHED
#20 exporting to image
#20 exporting layers done
#20 exporting manifest sha256:5845897b31c18d6c56d487a388c5f683f77080c67db0bd70d1fc0cc76722598a 0.0s done
#20 exporting config sha256:2fe2ce7498910fe5a7303ea2794f229115a72f4294651e515f212dfbee9e1e22 0.0s done
#20 pushing layers for registry.trigger.dev/registry.digitalocean.com/trigger-deployments/proj_bxlwqsbhzljajbrdhumy:20260326.3.production.w7vy90qm@sha256:5845897b31c18d6c56d487a388c5f683f77080c67db0bd70d1fc0cc76722598a
#20 pushing layer sha256:63e777e1caed5b7d1aa4d68f51c31250a6e9cfe6df05511eadb3e48a51073100
#20 pushing layer sha256:5baccc2fd5a04d836a3ea0b519cd5f8913f0d28cc929c72591d90d8da8ccc79b done
#20 pushing layer sha256:13808c22b207b066ef43572e57e4fb8c6172e887dd9a918c089a174a19371b7a
#20 pushing layer sha256:89b5c489ce991b7de4bdf4a87f04d1b424fee3c47b4a7d205574ca440611b648
#20 pushing layer sha256:2fe2ce7498910fe5a7303ea2794f229115a72f4294651e515f212dfbee9e1e22
#20 pushing layer sha256:234d6279a4a1f4933fe4cc01290802b62f207dd42224cb43c2149db0c76837e8 done
#20 pushing layer sha256:bb20c4d6f1935081d03d0807778904001ff193a8d73eff97196643f75a1d0b99 done
#20 pushing layer sha256:1b310c351e5cbca9249e31a827243108c1e49e41040453233229c1951f7525c1
#20 pushing layer sha256:a4ed81e0e8a155b813b18a1f4d0d9a97598b0acf27fa6ceb89c1e24615f9c71d
#20 pushing layer sha256:2824e56dfac4b295f96414e31a3f5a97e67c6fbc0b2ddbf1fb084e56ef467963 done
#20 pushing layer sha256:bd9ddc54bea929a22b334e73e026d4136e5b73f5cc29942896c72e4ece69b13d
#20 pushing layer sha256:35fcfe4195809fdb190f891fe2d2ceae9a255f1ef9f5e1e969f2a4ba3bef38da
#20 pushing layer sha256:099cc7a137737ddf2afa53eef4589c0f0d8ca38f6db9fdecb4cbda16fcd9a3ae
#20 pushing layers for registry.trigger.dev/registry.digitalocean.com/trigger-deployments/proj_bxlwqsbhzljajbrdhumy:20260326.3.production.w7vy90qm@sha256:5845897b31c18d6c56d487a388c5f683f77080c67db0bd70d1fc0cc76722598a done
#20 pushing layer sha256:63e777e1caed5b7d1aa4d68f51c31250a6e9cfe6df05511eadb3e48a51073100 done
#20 pushing layer sha256:13808c22b207b066ef43572e57e4fb8c6172e887dd9a918c089a174a19371b7a done
#20 pushing layer sha256:89b5c489ce991b7de4bdf4a87f04d1b424fee3c47b4a7d205574ca440611b648 done
#20 pushing layer sha256:2fe2ce7498910fe5a7303ea2794f229115a72f4294651e515f212dfbee9e1e22 done
#20 pushing layer sha256:1b310c351e5cbca9249e31a827243108c1e49e41040453233229c1951f7525c1 done
#20 pushing layer sha256:a4ed81e0e8a155b813b18a1f4d0d9a97598b0acf27fa6ceb89c1e24615f9c71d done
#20 pushing layer sha256:bd9ddc54bea929a22b334e73e026d4136e5b73f5cc29942896c72e4ece69b13d done
#20 pushing layer sha256:35fcfe4195809fdb190f891fe2d2ceae9a255f1ef9f5e1e969f2a4ba3bef38da done
#20 pushing layer sha256:099cc7a137737ddf2afa53eef4589c0f0d8ca38f6db9fdecb4cbda16fcd9a3ae done
#20 ERROR: failed to push registry.trigger.dev/registry.digitalocean.com/trigger-deployments/proj_bxlwqsbhzljajbrdhumy:20260326.3.production.w7vy90qm: failed to do request: Head "https://registry.trigger.dev/v2/registry.digitalocean.com/trigger-deployments/proj_bxlwqsbhzljajbrdhumy/blobs/sha256:5baccc2fd5a04d836a3ea0b519cd5f8913f0d28cc929c72591d90d8da8ccc79b": dial tcp: lookup registry.trigger.dev on 10.120.0.2:53: no such host
------
> exporting to image:
------
Error: failed to solve: failed to push registry.trigger.dev/registry.digitalocean.com/trigger-deployments/proj_bxlwqsbhzljajbrdhumy:20260326.3.production.w7vy90qm: failed to do request: Head "https://registry.trigger.dev/v2/registry.digitalocean.com/trigger-deployments/proj_bxlwqsbhzljajbrdhumy/blobs/sha256:5baccc2fd5a04d836a3ea0b519cd5f8913f0d28cc929c72591d90d8da8ccc79b": dial tcp: lookup registry.trigger.dev on 10.120.0.2:53: no such host